<?xml version="1.0" encoding="UTF-8"?>
<testsuite xmlns:xsi="http://www.w3.org/2001/XMLSchema-instance" xsi:noNamespaceSchemaLocation="https://maven.apache.org/surefire/maven-surefire-plugin/xsd/surefire-test-report-3.0.xsd" version="3.0" name="org.mybatis.jpetstore.web.actions.CatalogActionBeanTest" time="0.006" tests="11" errors="0" skipped="0" failures="0">
  <properties>
[...]
</properties>
  <testcase name="getCategoryOutputNull" classname="org.mybatis.jpetstore.web.actions.CatalogActionBeanTest" time="0"/>
  <testcase name="constructorOutputNotNull" classname="org.mybatis.jpetstore.web.actions.CatalogActionBeanTest" time="0"/>
  <testcase name="getCategoryIdOutputNull" classname="org.mybatis.jpetstore.web.actions.CatalogActionBeanTest" time="0"/>
  <testcase name="getKeywordOutputNull" classname="org.mybatis.jpetstore.web.actions.CatalogActionBeanTest" time="0"/>
  <testcase name="getProductOutputNull" classname="org.mybatis.jpetstore.web.actions.CatalogActionBeanTest" time="0"/>
  <testcase name="getProductIdOutputNull" classname="org.mybatis.jpetstore.web.actions.CatalogActionBeanTest" time="0"/>
  <testcase name="getItemIdOutputNull" classname="org.mybatis.jpetstore.web.actions.CatalogActionBeanTest" time="0"/>
  <testcase name="getItemOutputNull" classname="org.mybatis.jpetstore.web.actions.CatalogActionBeanTest" time="0"/>
  <testcase name="getCategoryListOutputNull" classname="org.mybatis.jpetstore.web.actions.CatalogActionBeanTest" time="0"/>
  <testcase name="getProductListOutputNull" classname="org.mybatis.jpetstore.web.actions.CatalogActionBeanTest" time="0"/>
  <testcase name="getItemListOutputNull" classname="org.mybatis.jpetstore.web.actions.CatalogActionBeanTest" time="0"/>
</testsuite>